2026-01-08 09:41:14,997 [INFO] Logging initialized. Saving to /app/gmocat_project/logs/assistments_seed1024.log
2026-01-08 09:41:14,997 [INFO] Starting Experiment: assistments_seed1024
2026-01-08 09:41:14,998 [INFO] [SYSTEM] Random Seed Locked: 1024
2026-01-08 09:41:15,008 [INFO] Loading ASSISTments from /app/gmocat_project/data/assistments/assistments_2009.csv
2026-01-08 09:41:50,846 [INFO] Stats: Users=7003, Items=13544, Concepts=151
2026-01-08 09:41:55,950 [INFO] [PHASE 2] Training NCDM (Cognitive Model)...
2026-01-08 09:41:56,214 [INFO] GNN Initialized.
2026-01-08 09:42:11,594 [INFO] Epoch 1: Loss 0.7499
2026-01-08 09:42:26,012 [INFO] Epoch 2: Loss 0.6945
2026-01-08 09:42:39,838 [INFO] Epoch 3: Loss 0.6618
2026-01-08 09:42:54,034 [INFO] Epoch 4: Loss 0.6380
2026-01-08 09:43:07,805 [INFO] Epoch 5: Loss 0.6199
2026-01-08 09:43:07,805 [INFO] [PHASE 3] Temperature Scaling...
2026-01-08 09:43:07,805 [INFO] Calibrated Temperature: 1.50
2026-01-08 09:43:07,805 [INFO] [PHASE 4] Training Policy (Simulated)...
2026-01-08 09:43:16,329 [INFO] RL Episode 100 | Reward: 27.5576 | Steps: 20
2026-01-08 09:43:25,139 [INFO] RL Episode 200 | Reward: 28.5018 | Steps: 20
2026-01-08 09:43:34,205 [INFO] RL Episode 300 | Reward: 26.1857 | Steps: 20
2026-01-08 09:43:43,014 [INFO] RL Episode 400 | Reward: 26.5228 | Steps: 20
2026-01-08 09:43:51,444 [INFO] RL Episode 500 | Reward: 27.8436 | Steps: 20
2026-01-08 09:43:51,444 [INFO] [PHASE 5] Final Evaluation...
2026-01-08 09:43:51,516 [INFO] Results: {'dataset': 'assistments', 'seed': 1024, 'auc': 0.6883874213078902, 'acc': 0.6541015625, 'ece': np.float64(0.031958391566877235), 'coverage': np.float64(0.518679858239811), 'high_exposure_rate': np.float64(0.518679858239811), 'temperature': 1.5}
2026-01-08 09:43:51,523 [INFO] Finished Experiment: assistments_seed1024
